<?xml version="1.0" encoding="UTF-8" ?>
<testsuite tests="5" failures="0" name="no.wact.jenjon13.assignment1.carTest.LeaseCarTest" time="0" errors="0" skipped="0">
  <properties>
[...]
</properties>
  <testcase classname="no.wact.jenjon13.assignment1.carTest.LeaseCarTest" name="testGetLeasedTimes" time="0"/>
  <testcase classname="no.wact.jenjon13.assignment1.carTest.LeaseCarTest" name="testHashCode" time="0"/>
  <testcase classname="no.wact.jenjon13.assignment1.carTest.LeaseCarTest" name="testIsSetLeased" time="0"/>
  <testcase classname="no.wact.jenjon13.assignment1.carTest.LeaseCarTest" name="testEquals" time="0"/>
  <testcase classname="no.wact.jenjon13.assignment1.carTest.LeaseCarTest" name="testGetSetLeasedBy" time="0"/>
</testsuite>